Information,08/02/2012 12:58:35,Microsoft-Windows-RestartManager,10001,None,Ending session 0 started ‎2012‎-‎02‎-‎08T12:57:44.135813200Z.
Information,08/02/2012 12:58:35,MsiInstaller,1042,None,Ending a Windows Installer transaction: C:\Downloads\Python\python-2.7.2.msi. Client Process Id: 4468.
Information,08/02/2012 12:58:15,TOSHIBA Service Station,0,None,[d82f5878-45f4-4557-afcf-ca065f0e3058] File version check dependency met? True
Information,08/02/2012 12:58:15,TOSHIBA Service Station,0,None,Checking dependency [d82f5878-45f4-4557-afcf-ca065f0e3058]
Information,08/02/2012 12:58:15,TOSHIBA Service Station,0,None,[8880047b-5a89-40d3-8163-37ca567e05e8] BIOS version dependency met? False
Information,08/02/2012 12:58:15,TOSHIBA Service Station,0,None,Checking dependency [8880047b-5a89-40d3-8163-37ca567e05e8]
Warning,08/02/2012 12:58:15,TOSHIBA Service Station,0,None,Skipping empty element [tsu:setup_args]
Warning,08/02/2012 12:58:15,TOSHIBA Service Station,0,None,Skipping empty element [tsu:setup_args]
Information,08/02/2012 12:58:15,TOSHIBA Service Station,0,None,[StartPlugins]: Success
Information,08/02/2012 12:58:15,TOSHIBA Service Station,0,None,[SaveSettings] UpdateRetryCount: Success
Information,08/02/2012 12:58:15,TOSHIBA Service Station,0,None,[SaveSettings] FirstCheckForUpdates: Success
Information,08/02/2012 12:58:15,TOSHIBA Service Station,0,None,[SaveSettings] LastCheckForUpdates: Success
Information,08/02/2012 12:58:15,TOSHIBA Service Station,0,None,[SaveSettings] AccessAgreementAccepted: Success
Information,08/02/2012 12:58:15,TOSHIBA Service Station,0,None,[SaveSettings] NextActionDate: Success
Information,08/02/2012 12:58:15,TOSHIBA Service Station,0,None,[SaveSettings] FirstServiceDate: Success
Information,08/02/2012 12:58:15,TOSHIBA Service Station,0,None,[EnableRunAtStartup]: Success
Information,08/02/2012 12:58:08,TOSHIBA Service Station,0,None,[CheckAuditMode]: Success
Warning,08/02/2012 12:57:56,Microsoft-Windows-SoftwareRestrictionPolicies,866,None,Access to c:\program files (x86)\avira\antivir desktop\ipmGui.exe has been restricted by your Administrator by location with policy rule {246ACF77-BA35-40A4-A3A4-E60D305EACD4} placed on path C:\Program Files (x86)\Avira\AntiVir Desktop\ipmgui.exe.
Information,08/02/2012 12:57:54,Service1,0,None,Service started successfully.
Information,08/02/2012 12:57:51,Microsoft-Windows-RestartManager,10000,None,Starting session 0 - ‎2012‎-‎02‎-‎08T12:57:51.764226600Z.
Information,08/02/2012 12:57:44,Microsoft-Windows-RestartManager,10000,None,Starting session 0 - ‎2012‎-‎02‎-‎08T12:57:44.135813200Z.
Information,08/02/2012 12:57:39,System Restore,8194,None,Successfully created restore point (Process = C:\Windows\system32\msiexec.exe /V; Description = Installed Python 2.7.2).
Information,08/02/2012 12:57:03,MsiInstaller,1040,None,Beginning a Windows Installer transaction: C:\Downloads\Python\python-2.7.2.msi. Client Process Id: 4468.
Information,08/02/2012 12:56:56,iPod Service,0,None,"The description for Event ID 0 from source iPod Service cannot be found. Either the component that raises this event is not installed on your local computer or the installation is corrupted. You can install or repair the component on the local computer.

If the event originated on another computer, the display information had to be saved with the event.

The following information was included with the event: 

Service started
"
Information,08/02/2012 12:56:53,Microsoft-Windows-Search,1003,Search service,The Windows Search Service started.

Information,08/02/2012 12:56:50,ESENT,302,Logging/Recovery,Windows (4644) Windows: The database engine has successfully completed recovery steps.
Information,08/02/2012 12:56:50,ESENT,301,Logging/Recovery,Windows (4644) Windows: The database engine has begun replaying logfile C:\ProgramData\Microsoft\Search\Data\Applications\Windows\MSS.log.
Information,08/02/2012 12:56:50,ESENT,300,Logging/Recovery,Windows (4644) Windows: The database engine is initiating recovery steps.
Information,08/02/2012 12:56:50,ESENT,102,General,Windows (4644) Windows: The database engine (6.01.7601.0000) started a new instance (0).
Information,08/02/2012 12:56:25,Desktop Window Manager,9003,None,The Desktop Window Manager was unable to start because a composited theme is not in use
Information,08/02/2012 12:56:25,Microsoft-Windows-Winlogon,6000,None,The winlogon notification subscriber <SessionEnv> was unavailable to handle a notification event.
Information,08/02/2012 12:56:25,Microsoft-Windows-Winlogon,4101,None,Windows license validated.
Information,08/02/2012 12:56:23,Microsoft-Windows-WMI,5617,None,Windows Management Instrumentation Service subsystems initialized successfully
Information,08/02/2012 12:56:19,SignInAssistant,0,None,"The description for Event ID 0 from source SignInAssistant cannot be found. Either the component that raises this event is not installed on your local computer or the installation is corrupted. You can install or repair the component on the local computer.

If the event originated on another computer, the display information had to be saved with the event.

The following information was included with the event: 

 WLIDInitializationTimerQueue. QueueWorkItem started (56:19:787)
"
Information,08/02/2012 12:56:19,SignInAssistant,0,None,"The description for Event ID 0 from source SignInAssistant cannot be found. Either the component that raises this event is not installed on your local computer or the installation is corrupted. You can install or repair the component on the local computer.

If the event originated on another computer, the display information had to be saved with the event.

The following information was included with the event: 

g_ WLIDInitializationTimerQueue.Initialize started (56:19:787)
"
Information,08/02/2012 12:56:19,SignInAssistant,0,None,"The description for Event ID 0 from source SignInAssistant cannot be found. Either the component that raises this event is not installed on your local computer or the installation is corrupted. You can install or repair the component on the local computer.

If the event originated on another computer, the display information had to be saved with the event.

The following information was included with the event: 

g_WLIDTimerQueue.Initialize started (56:19:787)
"
Information,08/02/2012 12:56:19,Microsoft-Windows-WMI,5615,None,Windows Management Instrumentation Service started sucessfully
Information,08/02/2012 12:56:18,MSSQL$SQLEXPRESS,17126,Server,SQL Server is now ready for client connections. This is an informational message; no user action is required.
Information,08/02/2012 12:56:18,MSSQL$SQLEXPRESS,26037,Server,"The SQL Server Network Interface library could not register the Service Principal Name (SPN) for the SQL Server service. Error: 0x54b, state: 3. Failure to register an SPN may cause integrated authentication to fall back to NTLM instead of Kerberos. This is an informational message. Further action is only required if Kerberos authentication is required by authentication policies."
Information,08/02/2012 12:56:18,MSSQL$SQLEXPRESS,17199,Server,"Dedicated administrator connection support was not started because it is disabled on this edition of SQL Server. If you want to use a dedicated administrator connection, restart SQL Server using the trace flag 7806. This is an informational message only. No user action is required."
Information,08/02/2012 12:56:18,MSSQL$SQLEXPRESS,26048,Server,Server local connection provider is ready to accept connection on [ \\.\pipe\MSSQL$SQLEXPRESS\sql\query ].
Information,08/02/2012 12:56:18,MSSQL$SQLEXPRESS,26048,Server,Server local connection provider is ready to accept connection on [ \\.\pipe\SQLLocal\SQLEXPRESS ].
Information,08/02/2012 12:56:18,MSSQL$SQLEXPRESS,26018,Server,A self-generated certificate was successfully loaded for encryption.
Information,08/02/2012 12:56:17,MSSQL$SQLEXPRESS,9688,Server,Service Broker manager has started.
Information,08/02/2012 12:56:17,MSSQL$SQLEXPRESS,9666,Server,The Database Mirroring protocol transport is disabled or not configured.
Information,08/02/2012 12:56:17,MSSQL$SQLEXPRESS,9666,Server,The Service Broker protocol transport is disabled or not configured.
Information,08/02/2012 12:56:17,MSSQL$SQLEXPRESS,3408,Server,Recovery is complete. This is an informational message only. No user action is required.
Information,08/02/2012 12:56:17,MSSQL$SQLEXPRESS,17137,Server,Starting up database 'tempdb'.
Information,08/02/2012 12:56:17,MSSQL$SQLEXPRESS,17137,Server,Starting up database 'msdb'.
Information,08/02/2012 12:56:17,MSSQL$SQLEXPRESS,17663,Server,Server name is 'DALEK\SQLEXPRESS'. This is an informational message only. No user action is required.
Information,08/02/2012 12:56:17,MSSQL$SQLEXPRESS,17136,Server,Clearing tempdb database.
Information,08/02/2012 12:56:17,MSSQL$SQLEXPRESS,17137,Server,Starting up database 'model'.
Information,08/02/2012 12:56:16,MSSQL$SQLEXPRESS,958,Server,The resource database build version is 10.50.1600. This is an informational message only. No user action is required.
Information,08/02/2012 12:56:16,MSSQL$SQLEXPRESS,17137,Server,Starting up database 'mssqlsystemresource'.
Information,08/02/2012 12:56:16,MSSQL$SQLEXPRESS,19030,Server,"SQL Trace ID 1 was started by login ""sa""."
Information,08/02/2012 12:56:16,MSSQL$SQLEXPRESS,5579,Server,"FILESTREAM: effective level = 0, configured level = 0, file system access share name = 'SQLEXPRESS'."
Information,08/02/2012 12:56:16,MSSQL$SQLEXPRESS,3421,Server,"Recovery completed for database master (database ID 1) in 1 second(s) (analysis 34 ms, redo 1610 ms, undo 2 ms.) This is an informational message only. No user action is required."
Information,08/02/2012 12:56:16,MSSQL$SQLEXPRESS,3454,Server,Recovery is writing a checkpoint in database 'master' (1). This is an informational message only. No user action is required.
Information,08/02/2012 12:56:12,MSSQL$SQLEXPRESS,17137,Server,Starting up database 'master'.
Information,08/02/2012 12:56:10,MSSQL$SQLEXPRESS,17152,Server,Node configuration: node 0: CPU mask: 0x000000000000000f:0 Active CPU mask: 0x000000000000000f:0. This message provides a description of the NUMA configuration for this computer. This is an informational message only. No user action is required.
Information,08/02/2012 12:56:10,MSSQL$SQLEXPRESS,17125,Server,Using dynamic lock allocation.  Initial allocation of 2500 Lock blocks and 5000 Lock Owner blocks per node.  This is an informational message only.  No user action is required.
Information,08/02/2012 12:56:10,MSSQL$SQLEXPRESS,17164,Server,Detected 4 CPUs. This is an informational message; no user action is required.
Information,08/02/2012 12:56:10,MSSQL$SQLEXPRESS,17162,Server,SQL Server is starting at normal priority base (=7). This is an informational message only. No user action is required.
Information,08/02/2012 12:56:10,MSSQL$SQLEXPRESS,17110,Server,"Registry startup parameters: 
	 -d c:\Program Files\Microsoft SQL Server\MSSQL10_50.SQLEXPRESS\MSSQL\DATA\master.mdf
	 -e c:\Program Files\Microsoft SQL Server\MSSQL10_50.SQLEXPRESS\MSSQL\Log\ERRORLOG
	 -l c:\Program Files\Microsoft SQL Server\MSSQL10_50.SQLEXPRESS\MSSQL\DATA\mastlog.ldf"
Information,08/02/2012 12:56:10,MSSQL$SQLEXPRESS,17176,Server,This instance of SQL Server last reported using a process ID of 580 at 08/02/2012 12:55:04 (local) 08/02/2012 12:55:04 (UTC). This is an informational message only; no user action is required.
Information,08/02/2012 12:56:10,MSSQL$SQLEXPRESS,17111,Server,Logging SQL Server messages in file 'c:\Program Files\Microsoft SQL Server\MSSQL10_50.SQLEXPRESS\MSSQL\Log\ERRORLOG'.
Information,08/02/2012 12:56:10,MSSQL$SQLEXPRESS,15268,Server,Authentication mode is MIXED.
Information,08/02/2012 12:56:10,MSSQL$SQLEXPRESS,18496,Server,"System Manufacturer: 'TOSHIBA', System Model: 'Satellite Pro L630'."
Information,08/02/2012 12:56:10,MSSQL$SQLEXPRESS,17104,Server,Server process ID is 1332.
Information,08/02/2012 12:56:10,MSSQL$SQLEXPRESS,17103,Server,All rights reserved.
Information,08/02/2012 12:56:10,MSSQL$SQLEXPRESS,17101,Server,(c) Microsoft Corporation.
Information,08/02/2012 12:56:10,MSSQL$SQLEXPRESS,17069,Server,Microsoft SQL Server 2008 R2 (RTM) - 10.50.1600.1 (X64) 
	Apr  2 2010 15:48:46 
	Copyright (c) Microsoft Corporation
	Express Edition (64-bit) on Windows NT 6.1 <X64> (Build 7601: Service Pack 1)

Information,08/02/2012 12:56:05,LMS,0,None,LMS Service started
Information,08/02/2012 12:56:05,Bonjour Service,100,None,Service started

Information,08/02/2012 12:56:04,Avira Antivirus,4096,AntiVir,The AntiVir service has been started successfully!
Information,08/02/2012 12:56:04,AdobeARMservice,0,None,"The description for Event ID 0 from source AdobeARMservice cannot be found. Either the component that raises this event is not installed on your local computer or the installation is corrupted. You can install or repair the component on the local computer.

If the event originated on another computer, the display information had to be saved with the event.

The following information was included with the event: 

Service started
"
Information,08/02/2012 12:56:00,Microsoft-Windows-User Profiles Service,1531,None,"The User Profile Service has started successfully.  

"
Information,08/02/2012 12:55:59,Microsoft-Windows-EventSystem,4625,None,The EventSystem sub system is suppressing duplicate event log entries for a duration of 86400 seconds.  The suppression timeout can be controlled by a REG_DWORD value named SuppressDuplicateDuration under the following registry key: HKLM\Software\Microsoft\EventSystem\EventLog.
Information,08/02/2012 12:55:05,Microsoft-Windows-User Profiles Service,1532,None,"The User Profile Service has stopped.  

"
Information,08/02/2012 12:55:05,LMS,0,None,LMS Service stopped
Information,08/02/2012 12:55:04,Bonjour Service,100,None,Service stopped (0)

Information,08/02/2012 12:55:04,MSSQL$SQLEXPRESS,17147,Server,SQL Server is terminating because of a system shutdown. This is an informational message only. No user action is required.
Information,08/02/2012 12:54:57,Windows Error Reporting,1001,None,"Fault bucket , type 0
Event Name: APPCRASH
Response: Not available
Cab Id: 0

Problem signature:
P1: msiexec.exe
P2: 5.0.7601.17514
P3: 4ce79d93
P4: RPCRT4.dll
P5: 6.1.7601.17514
P6: 4ce7c96e
P7: c0000005
P8: 0000000000013cb4
P9: 
P10: 

Attached files:
C:\Windows\Temp\WERDFF5.tmp.appcompat.txt
C:\Windows\Temp\WERE073.tmp.WERInternalMetadata.xml
C:\Windows\Temp\WERE074.tmp.hdmp
C:\Windows\Temp\WERE4F7.tmp.mdmp

These files may be available here:
C:\ProgramData\Microsoft\Windows\WER\ReportQueue\AppCrash_msiexec.exe_cb7b59da41240b1a49b0cb781f6cbef2a0f6_cab_1743e8cb

Analysis symbol: 
Rechecking for solution: 0
Report Id: 1854aee1-5254-11e1-b183-858ff3611b1c
Report Status: 4"
Warning,08/02/2012 12:54:56,Microsoft-Windows-User Profiles Service,1530,None,"Windows detected your registry file is still in use by other applications or services. The file will be unloaded now. The applications or services that hold your registry file may not function properly afterwards.  

 DETAIL - 
 1 user registry handles leaked from \Registry\User\S-1-5-21-3353978388-413597626-2876494796-1000:
Process 796 (\Device\HarddiskVolume2\Windows\System32\winlogon.exe) has opened key \REGISTRY\USER\S-1-5-21-3353978388-413597626-2876494796-1000
"
Information,08/02/2012 12:54:56,Microsoft-Windows-Winlogon,6000,None,The winlogon notification subscriber <SessionEnv> was unavailable to handle a notification event.
Information,08/02/2012 12:54:56,Desktop Window Manager,9009,None,The Desktop Window Manager has exited with code (0x40010004)
Information,08/02/2012 12:54:54,TOSHIBA Service Station,0,None,[SaveSettings] UpdateRetryCount: Success
Information,08/02/2012 12:54:54,TOSHIBA Service Station,0,None,[SaveSettings] FirstCheckForUpdates: Success
Information,08/02/2012 12:54:54,TOSHIBA Service Station,0,None,[SaveSettings] LastCheckForUpdates: Success
Information,08/02/2012 12:54:54,TOSHIBA Service Station,0,None,[SaveSettings] AccessAgreementAccepted: Success
Information,08/02/2012 12:54:54,TOSHIBA Service Station,0,None,[SaveSettings] NextActionDate: Success
Information,08/02/2012 12:54:54,TOSHIBA Service Station,0,None,[SaveSettings] FirstServiceDate: Success
Information,08/02/2012 12:54:54,TOSHIBA Service Station,0,None,[SaveSettings] UpdateRetryCount: Success
Information,08/02/2012 12:54:54,TOSHIBA Service Station,0,None,[SaveSettings] FirstCheckForUpdates: Success
Information,08/02/2012 12:54:54,TOSHIBA Service Station,0,None,[SaveSettings] LastCheckForUpdates: Success
Information,08/02/2012 12:54:54,TOSHIBA Service Station,0,None,[SaveSettings] AccessAgreementAccepted: Success
Information,08/02/2012 12:54:54,TOSHIBA Service Station,0,None,[SaveSettings] NextActionDate: Success
Information,08/02/2012 12:54:54,TOSHIBA Service Station,0,None,[SaveSettings] FirstServiceDate: Success
Error,08/02/2012 12:54:54,Application Error,1000,(100),"Faulting application name: msiexec.exe, version: 5.0.7601.17514, time stamp: 0x4ce79d93
Faulting module name: RPCRT4.dll, version: 6.1.7601.17514, time stamp: 0x4ce7c96e
Exception code: 0xc0000005
Fault offset: 0x0000000000013cb4
Faulting process id: 0x32c
Faulting application start time: 0x01cce65874416ee3
Faulting application path: C:\Windows\system32\msiexec.exe
Faulting module path: C:\Windows\system32\RPCRT4.dll
Report Id: 1854aee1-5254-11e1-b183-858ff3611b1c"
Information,08/02/2012 12:54:28,Microsoft-Windows-Winsrv,10001,None,The following application attempted to veto the shutdown: msiexec.exe.
Information,08/02/2012 12:54:28,MsiInstaller,1042,None,Ending a Windows Installer transaction: C:\Downloads\Python\python-2.7.2.msi. Client Process Id: 3652.
Information,08/02/2012 12:53:52,System Restore,8194,None,Successfully created restore point (Process = C:\Windows\system32\msiexec.exe /V; Description = Installed Python 2.7.2).
Information,08/02/2012 12:53:43,MsiInstaller,1040,None,Beginning a Windows Installer transaction: C:\Downloads\Python\python-2.7.2.msi. Client Process Id: 3652.
Information,08/02/2012 12:51:55,MsiInstaller,1033,None,Windows Installer installed the product. Product Name: Python 2.7.2. Product Version: 2.7.2150. Product Language: 1033. Manufacturer: Python Software Foundation. Installation success or error status: 1603.
Information,08/02/2012 12:51:55,MsiInstaller,11708,None,Product: Python 2.7.2 -- Installation failed.
Information,08/02/2012 12:51:51,MsiInstaller,1042,None,Ending a Windows Installer transaction: C:\Downloads\Python\python-2.7.2.msi. Client Process Id: 2192.
Error,08/02/2012 12:07:13,Application Error,1000,(100),"Faulting application name: gdb.exe, version: 0.0.0.0, time stamp: 0x4eb922e4
Faulting module name: gdb.exe, version: 0.0.0.0, time stamp: 0x4eb922e4
Exception code: 0x40000015
Fault offset: 0x00005b21
Faulting process id: 0x17b8
Faulting application start time: 0x01cce65a208d5d34
Faulting application path: C:\Downloads\gdb\exe\with-python\bin\gdb.exe
Faulting module path: C:\Downloads\gdb\exe\with-python\bin\gdb.exe
Report Id: 6ef91d72-524d-11e1-b183-858ff3611b1c"
Error,08/02/2012 12:03:17,Application Error,1000,(100),"Faulting application name: gdb.exe, version: 0.0.0.0, time stamp: 0x4eb922e4
Faulting module name: gdb.exe, version: 0.0.0.0, time stamp: 0x4eb922e4
Exception code: 0x40000015
Fault offset: 0x00005b21
Faulting process id: 0xd08
Faulting application start time: 0x01cce65996213495
Faulting application path: C:\Downloads\gdb\exe\with-python\bin\gdb.exe
Faulting module path: C:\Downloads\gdb\exe\with-python\bin\gdb.exe
Report Id: e26e6226-524c-11e1-b183-858ff3611b1c"
Information,08/02/2012 11:58:59,VSS,8224,None,The VSS service is shutting down due to idle timeout. 
Warning,08/02/2012 11:56:14,Microsoft-Windows-SoftwareRestrictionPolicies,866,None,Access to c:\program files (x86)\avira\antivir desktop\ipmGui.exe has been restricted by your Administrator by location with policy rule {246ACF77-BA35-40A4-A3A4-E60D305EACD4} placed on path C:\Program Files (x86)\Avira\AntiVir Desktop\ipmgui.exe.
Information,08/02/2012 11:55:46,System Restore,8194,None,Successfully created restore point (Process = C:\Windows\system32\msiexec.exe /V; Description = Installed Python 2.7.2).
Information,08/02/2012 11:55:32,MsiInstaller,1040,None,Beginning a Windows Installer transaction: C:\Downloads\Python\python-2.7.2.msi. Client Process Id: 2192.
Information,08/02/2012 11:38:37,Microsoft-Windows-Defrag,258,None,The disk defragmenter successfully completed defragmentation on Work (G:)
Information,08/02/2012 11:29:00,VSS,8224,None,The VSS service is shutting down due to idle timeout. 
Information,08/02/2012 11:10:46,Microsoft-Windows-LoadPerf,1000,None,Performance counters for the WmiApRpl (WmiApRpl) service were loaded successfully. The Record Data in the data section contains the new index values assigned to this service.
Information,08/02/2012 11:10:46,Microsoft-Windows-LoadPerf,1001,None,Performance counters for the WmiApRpl (WmiApRpl) service were removed successfully. The Record Data contains the new values of the system Last Counter and Last Help registry entries.
Information,08/02/2012 11:03:28,MSSQL$SQLEXPRESS,17401,Server,Server resumed execution after being idle 2413 seconds: user activity awakened the server. This is an informational message only. No user action is required.
Information,08/02/2012 11:00:39,Microsoft-Windows-LoadPerf,1000,None,Performance counters for the WmiApRpl (WmiApRpl) service were loaded successfully. The Record Data in the data section contains the new index values assigned to this service.
Information,08/02/2012 11:00:39,Microsoft-Windows-LoadPerf,1001,None,Performance counters for the WmiApRpl (WmiApRpl) service were removed successfully. The Record Data contains the new values of the system Last Counter and Last Help registry entries.
Information,08/02/2012 10:30:01,TOSHIBA Service Station,0,None,[d82f5878-45f4-4557-afcf-ca065f0e3058] File version check dependency met? True
Information,08/02/2012 10:30:01,TOSHIBA Service Station,0,None,Checking dependency [d82f5878-45f4-4557-afcf-ca065f0e3058]
Information,08/02/2012 10:30:01,TOSHIBA Service Station,0,None,[8880047b-5a89-40d3-8163-37ca567e05e8] BIOS version dependency met? False
Information,08/02/2012 10:30:01,TOSHIBA Service Station,0,None,Checking dependency [8880047b-5a89-40d3-8163-37ca567e05e8]
Warning,08/02/2012 10:30:01,TOSHIBA Service Station,0,None,Skipping empty element [tsu:setup_args]
Warning,08/02/2012 10:30:01,TOSHIBA Service Station,0,None,Skipping empty element [tsu:setup_args]
Information,08/02/2012 10:30:01,TOSHIBA Service Station,0,None,[StartPlugins]: Success
Information,08/02/2012 10:27:58,TOSHIBA Service Station,0,None,[SaveSettings] UpdateRetryCount: Success
Information,08/02/2012 10:27:58,TOSHIBA Service Station,0,None,[SaveSettings] FirstCheckForUpdates: Success
Information,08/02/2012 10:27:58,TOSHIBA Service Station,0,None,[SaveSettings] LastCheckForUpdates: Success
Information,08/02/2012 10:27:58,TOSHIBA Service Station,0,None,[SaveSettings] AccessAgreementAccepted: Success
